<?xml version="1.0" encoding="UTF-8"?>
<!-- Generated by org.testng.reporters.JUnitReportReporter -->
<testsuite hostname="DESKTOP-682IL5E" failures="0" tests="1" name="com.HG.Test.FirstTest" time="51.370" errors="0" timestamp="2023-02-13T00:32:46 IST" skipped="0">
  <testcase classname="com.HG.Test.FirstTest" name="f" time="51.370"/>
  <system-out/>
</testsuite> <!-- com.HG.Test.FirstTest -->
